SF:lib\data\datasources\tv_local_data_source.dart
DA:17,1
DA:19,1
DA:21,2
DA:22,2
DA:25,1
DA:27,2
DA:28,1
DA:29,4
DA:31,1
DA:35,1
DA:37,2
DA:39,1
DA:45,1
DA:47,2
DA:48,4
DA:51,1
DA:54,2
DA:57,2
DA:61,1
DA:64,2
DA:67,2
LF:21
LH:21
end_of_record
SF:lib\data\models\tv_detail_model.dart
DA:6,23
DA:58,2
DA:59,2
DA:60,2
DA:61,8
DA:62,2
DA:63,2
DA:64,8
DA:65,2
DA:66,2
DA:67,2
DA:68,8
DA:69,2
DA:70,2
DA:71,2
DA:72,2
DA:73,2
DA:74,8
DA:75,2
DA:76,2
DA:77,2
DA:78,4
DA:79,2
DA:80,2
DA:81,2
DA:82,2
DA:83,4
DA:84,2
DA:87,2
DA:88,1
DA:89,4
DA:90,1
DA:91,5
DA:92,1
DA:93,1
DA:94,1
DA:95,4
DA:96,1
DA:97,1
DA:98,1
DA:99,1
DA:100,1
DA:101,4
DA:102,1
DA:103,1
DA:104,1
DA:105,1
DA:106,1
DA:107,1
DA:108,1
DA:109,1
DA:110,1
DA:111,1
DA:114,1
DA:115,1
DA:116,1
DA:117,5
DA:118,1
DA:119,1
DA:120,1
DA:121,1
DA:122,1
DA:123,1
DA:124,1
DA:125,1
DA:126,1
DA:127,1
DA:131,2
DA:132,2
DA:133,2
DA:134,2
DA:135,2
DA:136,2
DA:137,2
DA:138,2
DA:139,2
DA:140,2
DA:141,2
DA:142,2
DA:143,2
DA:144,2
DA:145,2
DA:146,2
DA:147,2
DA:148,2
DA:149,2
DA:150,2
DA:151,2
DA:152,2
DA:153,2
DA:154,2
DA:155,2
DA:156,2
LF:93
LH:93
end_of_record
SF:lib\data\models\tv_model.dart
DA:5,23
DA:35,4
DA:36,2
DA:37,4
DA:38,2
DA:39,2
DA:40,4
DA:41,2
DA:42,2
DA:43,8
DA:44,8
DA:45,2
DA:46,2
DA:47,2
DA:48,2
DA:51,2
DA:52,1
DA:53,1
DA:54,1
DA:55,1
DA:56,1
DA:57,1
DA:58,1
DA:59,4
DA:60,4
DA:61,1
DA:62,1
DA:63,1
DA:64,1
DA:67,2
DA:68,2
DA:69,2
DA:70,2
DA:71,2
DA:72,2
DA:73,2
DA:74,2
DA:75,2
DA:76,2
DA:77,2
DA:78,2
DA:79,2
DA:80,2
DA:81,2
DA:85,2
DA:86,2
DA:87,2
DA:88,2
DA:89,2
DA:90,2
DA:91,2
DA:92,2
DA:93,2
DA:94,2
DA:95,2
DA:96,2
DA:97,2
DA:98,2
DA:99,2
LF:59
LH:59
end_of_record
SF:lib\data\models\tv_response.dart
DA:7,22
DA:9,4
DA:10,4
DA:11,6
DA:12,6
DA:15,2
DA:16,5
DA:19,1
DA:20,2
LF:9
LH:9
end_of_record
SF:lib\data\models\tv_table.dart
DA:12,22
DA:19,2
DA:20,1
DA:21,1
DA:22,1
DA:23,1
DA:26,2
DA:27,1
DA:28,1
DA:29,1
DA:30,1
DA:33,2
DA:34,1
DA:35,1
DA:36,1
DA:37,1
DA:40,2
DA:41,1
DA:42,1
DA:43,1
DA:44,1
DA:47,2
DA:48,1
DA:49,1
DA:50,1
DA:51,1
DA:54,2
DA:55,10
LF:28
LH:28
end_of_record
SF:lib\domain\entities\tv.dart
DA:5,10
DA:35,2
DA:42,7
DA:43,7
DA:44,7
DA:45,7
DA:46,7
DA:47,7
DA:48,7
DA:49,7
DA:50,7
DA:51,7
DA:52,7
DA:53,7
DA:54,7
DA:55,7
DA:56,7
LF:17
LH:17
end_of_record
SF:lib\domain\entities\tv_detail.dart
DA:5,21
DA:33,1
DA:34,1
DA:35,1
DA:36,1
DA:37,1
DA:38,1
DA:39,1
DA:40,1
DA:41,1
DA:42,1
DA:43,1
DA:44,1
DA:45,1
DA:46,1
LF:15
LH:15
end_of_record
SF:lib\data\datasources\tv_remote_data_source.dart
DA:24,1
DA:26,1
DA:29,4
DA:31,2
DA:32,4
DA:34,1
DA:38,1
DA:40,4
DA:42,2
DA:43,3
DA:45,1
DA:49,1
DA:52,4
DA:54,2
DA:55,4
DA:57,1
DA:61,1
DA:63,4
DA:65,2
DA:66,4
DA:68,1
DA:72,1
DA:75,4
DA:77,2
DA:78,4
DA:80,1
DA:84,1
DA:87,4
DA:89,2
DA:90,4
DA:92,1
LF:31
LH:31
end_of_record
SF:lib\data\repositories\tv_repository_impl.dart
DA:19,1
DA:25,1
DA:27,2
DA:29,2
DA:30,2
DA:31,4
DA:32,5
DA:33,1
DA:35,0
DA:40,2
DA:41,5
DA:42,1
DA:43,3
DA:48,1
DA:51,2
DA:52,2
DA:53,1
DA:55,1
DA:57,0
DA:62,1
DA:65,2
DA:66,3
DA:67,1
DA:69,1
DA:71,0
DA:76,1
DA:79,2
DA:80,5
DA:81,1
DA:83,1
DA:85,0
DA:90,1
DA:93,2
DA:94,5
DA:95,1
DA:97,1
DA:99,0
DA:104,1
DA:107,2
DA:108,5
DA:109,1
DA:111,1
DA:113,0
DA:118,1
DA:122,3
DA:123,1
DA:124,1
DA:125,3
DA:131,1
DA:135,3
DA:136,1
DA:137,1
DA:138,3
DA:142,1
DA:144,2
DA:148,1
DA:150,2
DA:151,5
LF:58
LH:52
end_of_record
SF:lib\domain\usecases\get_now_playing_tv.dart
DA:9,1
DA:11,1
DA:12,2
LF:3
LH:3
end_of_record
SF:lib\domain\usecases\get_popular_tv.dart
DA:9,1
DA:11,1
DA:12,2
LF:3
LH:3
end_of_record
SF:lib\domain\usecases\get_top_rated_tv.dart
DA:9,1
DA:11,1
DA:12,2
LF:3
LH:3
end_of_record
SF:lib\domain\usecases\get_tv_detail.dart
DA:9,1
DA:11,1
DA:12,2
LF:3
LH:3
end_of_record
SF:lib\domain\usecases\get_tv_recommendations.dart
DA:9,1
DA:11,1
DA:12,2
LF:3
LH:3
end_of_record
SF:lib\domain\usecases\get_watchlist_status_tv.dart
DA:6,1
DA:8,1
DA:9,2
LF:3
LH:3
end_of_record
SF:lib\domain\usecases\get_watchlist_tv.dart
DA:9,1
DA:11,1
DA:12,2
LF:3
LH:3
end_of_record
SF:lib\domain\usecases\remove_watchlist_tv.dart
DA:9,1
DA:11,1
DA:12,2
LF:3
LH:3
end_of_record
SF:lib\domain\usecases\save_watchlist_tv.dart
DA:9,1
DA:11,1
DA:12,2
LF:3
LH:3
end_of_record
SF:lib\presentation\bloc\tv\tv_state.dart
DA:4,15
DA:6,5
DA:7,5
DA:17,12
DA:19,5
DA:20,10
DA:26,8
DA:28,5
DA:29,10
LF:9
LH:9
end_of_record
SF:lib\presentation\bloc\tv\tv_event.dart
DA:4,11
DA:8,9
DA:10,1
DA:11,1
DA:16,3
DA:18,1
DA:19,2
LF:7
LH:7
end_of_record
SF:lib\presentation\bloc\tv\tv_bloc.dart
DA:16,3
DA:17,2
DA:18,2
DA:19,2
DA:21,1
DA:22,1
DA:23,3
DA:25,1
DA:26,2
DA:35,3
DA:36,2
DA:37,2
DA:38,2
DA:40,1
DA:41,1
DA:42,3
DA:44,1
DA:45,2
DA:54,3
DA:55,2
DA:56,2
DA:57,2
DA:59,1
DA:60,1
DA:61,3
DA:63,1
DA:64,2
DA:73,3
DA:74,2
DA:75,2
DA:76,2
DA:78,1
DA:79,1
DA:80,3
DA:82,1
DA:83,2
DA:93,1
DA:95,2
DA:96,2
DA:97,1
DA:98,2
DA:99,2
DA:101,1
DA:102,1
DA:103,3
DA:105,1
DA:106,2
LF:47
LH:47
end_of_record
SF:lib\presentation\bloc\tvdetail\tvdetail_event.dart
DA:4,4
DA:9,3
DA:11,1
DA:12,2
DA:18,2
DA:20,1
DA:21,2
DA:27,2
DA:29,1
DA:30,2
DA:35,4
DA:37,1
DA:38,2
LF:13
LH:13
end_of_record
SF:lib\presentation\bloc\tvdetail\tvdetail_state.dart
DA:9,7
DA:16,2
DA:22,2
DA:23,2
DA:24,2
DA:25,2
DA:26,1
DA:30,2
DA:39,1
DA:40,1
DA:41,1
DA:42,1
DA:43,1
LF:13
LH:13
end_of_record
SF:lib\presentation\bloc\tvdetail\tvdetail_bloc.dart
DA:22,1
DA:27,2
DA:28,2
DA:29,3
DA:30,3
DA:32,1
DA:33,1
DA:34,3
DA:36,1
DA:37,3
DA:44,2
DA:45,3
DA:47,2
DA:48,4
DA:49,1
DA:50,3
DA:53,4
DA:55,2
DA:56,3
DA:58,2
DA:59,4
DA:60,1
DA:61,3
DA:64,4
DA:66,2
DA:67,3
DA:68,3
LF:27
LH:27
end_of_record
SF:lib\presentation\pages\popular_tv_page.dart
DA:9,1
DA:11,1
DA:12,1
DA:16,1
DA:18,1
DA:19,1
DA:20,4
DA:23,1
DA:25,1
DA:26,1
DA:29,1
DA:31,1
DA:32,1
DA:33,1
DA:37,1
DA:38,1
DA:39,1
DA:40,1
DA:41,1
DA:42,1
DA:44,1
DA:46,1
DA:47,1
DA:48,2
DA:51,1
LF:25
LH:25
end_of_record
SF:lib\presentation\widgets\tv_card_list.dart
DA:11,4
DA:13,2
DA:15,2
DA:17,2
DA:18,0
DA:19,0
DA:22,0
DA:25,2
DA:27,2
DA:28,2
DA:29,2
DA:35,2
DA:37,2
DA:38,2
DA:39,4
DA:42,2
DA:45,2
DA:46,4
DA:54,2
DA:59,2
DA:61,2
DA:62,6
DA:64,2
DA:67,0
LF:24
LH:20
end_of_record
SF:lib\presentation\pages\tv_detail_page.dart
DA:18,1
DA:20,1
DA:21,1
DA:25,1
DA:27,1
DA:28,2
DA:29,6
DA:30,6
DA:31,6
DA:35,1
DA:37,1
DA:38,1
DA:39,0
DA:40,0
DA:42,0
DA:44,0
DA:45,0
DA:49,0
DA:51,0
DA:52,0
DA:53,0
DA:58,0
DA:59,0
DA:60,0
DA:61,0
DA:63,1
DA:64,2
DA:68,2
DA:69,1
DA:70,1
DA:71,1
DA:72,1
DA:90,1
DA:91,1
DA:93,1
DA:95,3
DA:96,1
DA:97,1
DA:98,1
DA:99,3
DA:101,1
DA:104,0
DA:106,1
DA:108,1
DA:109,1
DA:110,1
DA:120,1
DA:121,1
DA:122,1
DA:124,1
DA:126,1
DA:128,1
DA:129,1
DA:130,2
DA:131,1
DA:133,1
DA:134,0
DA:135,0
DA:137,0
DA:138,0
DA:141,0
DA:142,0
DA:145,1
DA:147,1
DA:148,1
DA:155,1
DA:156,3
DA:158,1
DA:159,3
DA:161,1
DA:162,3
DA:164,1
DA:165,1
DA:166,1
DA:167,3
DA:169,1
DA:175,4
DA:179,1
DA:181,1
DA:183,1
DA:184,2
DA:187,1
DA:189,1
DA:191,1
DA:192,1
DA:193,1
DA:197,1
DA:198,1
DA:199,1
DA:201,1
DA:203,1
DA:204,1
DA:205,1
DA:207,1
DA:208,0
DA:209,0
DA:212,0
DA:215,1
DA:220,1
DA:222,2
DA:223,1
DA:229,0
DA:236,1
DA:244,1
DA:246,1
DA:263,1
DA:265,1
DA:268,1
DA:270,0
DA:271,0
DA:280,1
DA:282,2
DA:283,3
DA:286,1
DA:290,3
DA:293,1
DA:294,1
LF:117
LH:91
end_of_record
SF:lib\presentation\pages\top_rated_tv_page.dart
DA:9,1
DA:11,1
DA:12,1
DA:16,1
DA:18,1
DA:19,1
DA:20,4
DA:23,1
DA:25,1
DA:26,1
DA:29,1
DA:31,1
DA:32,1
DA:33,1
DA:37,1
DA:38,1
DA:39,1
DA:40,1
DA:41,1
DA:42,1
DA:44,1
DA:46,1
DA:47,1
DA:48,2
DA:51,1
LF:25
LH:25
end_of_record
