SF:lib\data\datasources\movie_local_data_source.dart
DA:17,1
DA:19,1
DA:22,2
DA:25,2
DA:29,1
DA:32,2
DA:35,2
DA:39,1
DA:41,2
DA:43,1
DA:49,1
DA:51,2
DA:52,4
DA:55,1
DA:57,2
DA:58,2
DA:61,1
DA:63,2
DA:64,1
DA:65,4
DA:67,1
LF:21
LH:21
end_of_record
SF:lib\data\models\movie_detail_model.dart
DA:6,23
DA:52,2
DA:53,2
DA:54,2
DA:55,2
DA:56,2
DA:57,2
DA:58,8
DA:59,2
DA:60,2
DA:61,2
DA:62,2
DA:63,2
DA:64,2
DA:65,4
DA:66,2
DA:67,2
DA:68,2
DA:69,2
DA:70,2
DA:71,2
DA:72,2
DA:73,2
DA:74,4
DA:75,2
DA:78,2
DA:79,1
DA:80,1
DA:81,1
DA:82,5
DA:83,1
DA:84,1
DA:85,1
DA:86,1
DA:87,1
DA:88,1
DA:89,1
DA:90,1
DA:91,1
DA:92,1
DA:93,1
DA:94,1
DA:95,1
DA:96,1
DA:97,1
DA:98,1
DA:99,1
DA:102,1
DA:103,1
DA:104,1
DA:105,1
DA:106,5
DA:107,1
DA:108,1
DA:109,1
DA:110,1
DA:111,1
DA:112,1
DA:113,1
DA:114,1
DA:115,1
DA:119,2
DA:120,2
DA:121,2
DA:122,2
DA:123,2
DA:124,2
DA:125,2
DA:126,2
DA:127,2
DA:128,2
DA:129,2
DA:130,2
DA:131,2
DA:132,2
DA:133,2
DA:134,2
DA:135,2
DA:136,2
DA:137,2
DA:138,2
DA:139,2
DA:140,2
DA:141,2
LF:84
LH:84
end_of_record
SF:lib\data\models\movie_model.dart
DA:5,23
DA:35,4
DA:36,2
DA:37,2
DA:38,8
DA:39,2
DA:40,2
DA:41,2
DA:42,4
DA:43,2
DA:44,2
DA:45,2
DA:46,2
DA:47,4
DA:48,2
DA:51,2
DA:52,1
DA:53,1
DA:54,4
DA:55,1
DA:56,1
DA:57,1
DA:58,1
DA:59,1
DA:60,1
DA:61,1
DA:62,1
DA:63,1
DA:64,1
DA:67,2
DA:68,2
DA:69,2
DA:70,2
DA:71,2
DA:72,2
DA:73,2
DA:74,2
DA:75,2
DA:76,2
DA:77,2
DA:78,2
DA:79,2
DA:80,2
DA:81,2
DA:85,2
DA:86,2
DA:87,2
DA:88,2
DA:89,2
DA:90,2
DA:91,2
DA:92,2
DA:93,2
DA:94,2
DA:95,2
DA:96,2
DA:97,2
DA:98,2
DA:99,2
LF:59
LH:59
end_of_record
SF:lib\data\models\movie_response.dart
DA:7,22
DA:9,4
DA:10,4
DA:11,6
DA:12,6
DA:15,2
DA:16,5
DA:19,1
DA:20,2
LF:9
LH:9
end_of_record
SF:lib\data\models\movie_table.dart
DA:12,22
DA:19,2
DA:20,1
DA:21,1
DA:22,1
DA:23,1
DA:26,2
DA:27,1
DA:28,1
DA:29,1
DA:30,1
DA:33,2
DA:34,1
DA:35,1
DA:36,1
DA:37,1
DA:40,2
DA:41,1
DA:42,1
DA:43,1
DA:44,1
DA:47,2
DA:48,1
DA:49,1
DA:50,1
DA:51,1
DA:54,2
DA:55,10
LF:28
LH:28
end_of_record
SF:lib\domain\entities\movie.dart
DA:5,10
DA:21,2
DA:42,7
DA:43,7
DA:44,7
DA:45,7
DA:46,7
DA:47,7
DA:48,7
DA:49,7
DA:50,7
DA:51,7
DA:52,7
DA:53,7
DA:54,7
DA:55,7
DA:56,7
LF:17
LH:17
end_of_record
SF:lib\domain\entities\movie_detail.dart
DA:5,21
DA:33,1
DA:34,1
DA:35,1
DA:36,1
DA:37,1
DA:38,1
DA:39,1
DA:40,1
DA:41,1
DA:42,1
DA:43,1
DA:44,1
DA:45,1
LF:14
LH:14
end_of_record
SF:lib\data\datasources\movie_remote_data_source.dart
DA:24,1
DA:26,1
DA:29,4
DA:31,2
DA:32,4
DA:34,1
DA:38,1
DA:40,4
DA:42,2
DA:43,3
DA:45,1
DA:49,1
DA:51,1
DA:52,3
DA:54,2
DA:55,4
DA:57,1
DA:61,1
DA:64,4
DA:66,2
DA:67,4
DA:69,1
DA:73,1
DA:76,4
DA:78,2
DA:79,4
DA:81,1
DA:85,1
DA:87,1
DA:88,3
DA:90,2
DA:91,4
DA:93,1
LF:33
LH:33
end_of_record
SF:lib\domain\usecases\get_movie_detail.dart
DA:9,1
DA:11,1
DA:12,2
LF:3
LH:3
end_of_record
SF:lib\data\repositories\movie_repository_impl.dart
DA:19,1
DA:25,1
DA:27,2
DA:29,2
DA:30,2
DA:31,4
DA:32,5
DA:33,1
DA:35,0
DA:40,2
DA:41,5
DA:42,1
DA:43,3
DA:48,1
DA:51,2
DA:52,2
DA:53,1
DA:55,1
DA:57,0
DA:62,1
DA:65,2
DA:66,3
DA:67,1
DA:69,1
DA:71,0
DA:76,1
DA:79,2
DA:80,5
DA:81,1
DA:83,1
DA:85,0
DA:90,1
DA:93,2
DA:94,5
DA:95,1
DA:97,1
DA:99,0
DA:104,1
DA:107,2
DA:108,5
DA:109,1
DA:111,1
DA:113,0
DA:118,1
DA:122,3
DA:123,1
DA:124,1
DA:125,3
DA:131,1
DA:135,3
DA:136,1
DA:137,1
DA:138,3
DA:142,1
DA:144,2
DA:148,1
DA:150,2
DA:151,5
LF:58
LH:52
end_of_record
SF:lib\domain\usecases\get_movie_recommendations.dart
DA:9,1
DA:11,1
DA:12,2
LF:3
LH:3
end_of_record
SF:lib\domain\usecases\get_now_playing_movies.dart
DA:9,1
DA:11,1
DA:12,2
LF:3
LH:3
end_of_record
SF:lib\domain\usecases\get_popular_movies.dart
DA:9,1
DA:11,1
DA:12,2
LF:3
LH:3
end_of_record
SF:lib\domain\usecases\get_top_rated_movies.dart
DA:9,1
DA:11,1
DA:12,2
LF:3
LH:3
end_of_record
SF:lib\domain\usecases\get_watchlist_movies.dart
DA:9,1
DA:11,1
DA:12,2
LF:3
LH:3
end_of_record
SF:lib\domain\usecases\get_watchlist_status_movie.dart
DA:6,1
DA:8,1
DA:9,2
LF:3
LH:3
end_of_record
SF:lib\domain\usecases\remove_watchlist_movie.dart
DA:9,1
DA:11,1
DA:12,2
LF:3
LH:3
end_of_record
SF:lib\domain\usecases\save_watchlist_movie.dart
DA:9,1
DA:11,1
DA:12,2
LF:3
LH:3
end_of_record
SF:lib\presentation\bloc\movie\movie_event.dart
DA:4,10
DA:8,8
DA:10,1
DA:11,1
DA:16,3
DA:18,1
DA:19,2
LF:7
LH:7
end_of_record
SF:lib\presentation\bloc\movie\movie_bloc.dart
DA:16,3
DA:17,2
DA:18,2
DA:19,2
DA:21,1
DA:22,1
DA:23,3
DA:25,1
DA:26,2
DA:35,3
DA:36,2
DA:37,2
DA:38,2
DA:40,1
DA:41,1
DA:42,3
DA:44,1
DA:45,2
DA:54,3
DA:55,2
DA:56,2
DA:57,2
DA:59,1
DA:60,1
DA:61,3
DA:63,1
DA:64,2
DA:73,3
DA:74,2
DA:75,2
DA:76,2
DA:78,1
DA:79,1
DA:80,3
DA:82,1
DA:83,2
DA:93,1
DA:95,2
DA:96,2
DA:97,1
DA:98,2
DA:99,2
DA:101,1
DA:102,1
DA:103,3
DA:105,1
DA:106,2
LF:47
LH:47
end_of_record
SF:lib\presentation\bloc\movie\movie_state.dart
DA:4,15
DA:6,5
DA:7,5
DA:17,12
DA:19,5
DA:20,10
DA:26,8
DA:28,5
DA:29,10
LF:9
LH:9
end_of_record
SF:lib\presentation\bloc\moviedetail\moviedetail_event.dart
DA:4,4
DA:9,3
DA:11,1
DA:12,2
DA:18,2
DA:20,1
DA:21,2
DA:27,2
DA:29,1
DA:30,2
DA:35,4
DA:37,1
DA:38,2
LF:13
LH:13
end_of_record
SF:lib\presentation\bloc\moviedetail\moviedetail_state.dart
DA:9,7
DA:16,2
DA:22,2
DA:23,2
DA:24,2
DA:25,2
DA:26,1
DA:30,2
DA:39,1
DA:40,1
DA:41,1
DA:42,1
DA:43,1
LF:13
LH:13
end_of_record
SF:lib\presentation\bloc\moviedetail\moviedetail_bloc.dart
DA:23,1
DA:28,2
DA:29,2
DA:30,3
DA:31,3
DA:33,1
DA:34,1
DA:35,3
DA:37,1
DA:38,3
DA:45,2
DA:46,3
DA:48,2
DA:49,4
DA:50,1
DA:51,3
DA:54,4
DA:56,2
DA:57,3
DA:59,2
DA:60,4
DA:61,1
DA:62,3
DA:65,4
DA:67,2
DA:68,3
DA:69,3
LF:27
LH:27
end_of_record
SF:lib\presentation\pages\movie_detail_page.dart
DA:18,1
DA:20,1
DA:21,1
DA:25,1
DA:27,1
DA:28,2
DA:29,1
DA:30,1
DA:31,4
DA:32,1
DA:33,1
DA:34,4
DA:35,6
DA:39,1
DA:41,1
DA:42,1
DA:43,0
DA:44,0
DA:46,0
DA:48,0
DA:49,0
DA:53,0
DA:55,0
DA:56,0
DA:57,0
DA:62,0
DA:63,0
DA:64,0
DA:65,1
DA:66,2
DA:70,2
DA:71,1
DA:72,1
DA:73,1
DA:74,1
DA:92,1
DA:93,1
DA:95,1
DA:97,3
DA:98,1
DA:99,1
DA:100,1
DA:101,3
DA:103,1
DA:106,0
DA:108,1
DA:110,1
DA:111,1
DA:112,1
DA:122,1
DA:123,1
DA:124,1
DA:126,1
DA:128,1
DA:130,1
DA:131,1
DA:132,2
DA:133,1
DA:135,1
DA:136,0
DA:137,0
DA:139,0
DA:140,0
DA:143,0
DA:144,0
DA:147,1
DA:149,1
DA:150,1
DA:157,1
DA:158,3
DA:160,1
DA:161,3
DA:163,1
DA:164,1
DA:165,1
DA:166,3
DA:168,1
DA:174,4
DA:178,1
DA:180,1
DA:182,1
DA:183,2
DA:186,1
DA:188,1
DA:190,1
DA:191,1
DA:192,1
DA:196,1
DA:197,1
DA:198,1
DA:200,1
DA:202,1
DA:203,1
DA:204,1
DA:206,1
DA:207,0
DA:208,0
DA:211,0
DA:214,1
DA:219,1
DA:221,2
DA:222,1
DA:228,0
DA:235,1
DA:243,1
DA:245,1
DA:264,1
DA:266,1
DA:269,1
DA:271,0
DA:272,0
DA:281,1
DA:283,2
DA:284,3
DA:287,1
DA:291,3
DA:294,1
DA:295,1
DA:296,1
DA:298,1
DA:299,1
DA:301,0
LF:122
LH:96
end_of_record
SF:lib\presentation\pages\popular_movies_page.dart
DA:9,1
DA:11,1
DA:12,1
DA:16,1
DA:18,1
DA:19,1
DA:20,4
DA:23,1
DA:25,1
DA:26,1
DA:29,1
DA:31,1
DA:32,1
DA:33,1
DA:37,1
DA:38,1
DA:39,1
DA:40,1
DA:41,1
DA:42,1
DA:44,1
DA:46,1
DA:47,1
DA:48,2
DA:51,1
LF:25
LH:25
end_of_record
SF:lib\presentation\widgets\movie_card_list.dart
DA:11,4
DA:13,2
DA:15,2
DA:17,2
DA:18,0
DA:19,0
DA:22,0
DA:25,2
DA:27,2
DA:28,2
DA:29,2
DA:35,2
DA:37,2
DA:38,2
DA:39,4
DA:42,2
DA:45,2
DA:46,4
DA:54,2
DA:59,2
DA:61,2
DA:62,6
DA:64,2
DA:67,0
LF:24
LH:20
end_of_record
SF:lib\presentation\pages\top_rated_movies_page.dart
DA:9,1
DA:11,1
DA:12,1
DA:16,1
DA:18,1
DA:19,1
DA:20,4
DA:23,1
DA:25,1
DA:26,1
DA:29,1
DA:31,1
DA:32,1
DA:33,1
DA:37,1
DA:38,1
DA:39,1
DA:40,1
DA:41,1
DA:42,1
DA:44,1
DA:46,1
DA:47,1
DA:48,2
DA:51,1
LF:25
LH:25
end_of_record
